{"C:\\Users\\50703307125\\KooliProjektkino\\TA23B-B2-projekt\\express\\index.js": {"path":"C:\\Users\\50703307125\\KooliProjektkino\\TA23B-B2-projekt\\express\\index.js","statementMap":{"0":{"start":{"line":10,"column":18},"end":{"line":10,"column":49}},"1":{"start":{"line":11,"column":17},"end":{"line":11,"column":37}},"2":{"start":{"line":13,"column":11},"end":{"line":13,"column":21}},"3":{"start":{"line":15,"column":0},"end":{"line":15,"column":24}},"4":{"start":{"line":16,"column":0},"end":{"line":16,"column":15}},"5":{"start":{"line":18,"column":0},"end":{"line":20,"column":3}},"6":{"start":{"line":19,"column":2},"end":{"line":19,"column":40}},"7":{"start":{"line":22,"column":0},"end":{"line":22,"column":36}},"8":{"start":{"line":23,"column":0},"end":{"line":23,"column":34}},"9":{"start":{"line":25,"column":13},"end":{"line":25,"column":45}},"10":{"start":{"line":27,"column":15},"end":{"line":29,"column":1}},"11":{"start":{"line":28,"column":2},"end":{"line":28,"column":61}}},"fnMap":{"0":{"name":"(anonymous_0)","decl":{"start":{"line":18,"column":13},"end":{"line":18,"column":14}},"loc":{"start":{"line":18,"column":27},"end":{"line":20,"column":1}},"line":18},"1":{"name":"(anonymous_1)","decl":{"start":{"line":27,"column":32},"end":{"line":27,"column":33}},"loc":{"start":{"line":28,"column":2},"end":{"line":28,"column":61}},"line":28}},"branchMap":{"0":{"loc":{"start":{"line":25,"column":13},"end":{"line":25,"column":45}},"type":"binary-expr","locations":[{"start":{"line":25,"column":13},"end":{"line":25,"column":37}},{"start":{"line":25,"column":41},"end":{"line":25,"column":45}}],"line":25}},"s":{"0":1,"1":1,"2":1,"3":1,"4":1,"5":1,"6":1,"7":1,"8":1,"9":1,"10":1,"11":1},"f":{"0":1,"1":1},"b":{"0":[1,0]},"meta":{"lastBranch":1,"lastFunction":2,"lastStatement":12,"seen":{"s:10:18:10:49":0,"s:11:17:11:37":1,"s:13:11:13:21":2,"s:15:0:15:24":3,"s:16:0:16:15":4,"s:18:0:20:3":5,"f:18:13:18:14":0,"s:19:2:19:40":6,"s:22:0:22:36":7,"s:23:0:23:34":8,"s:25:13:25:45":9,"b:25:13:25:37:25:41:25:45":0,"s:27:15:29:1":10,"f:27:32:27:33":1,"s:28:2:28:61":11}}}
,"C:\\Users\\50703307125\\KooliProjektkino\\TA23B-B2-projekt\\express\\prismaClient.js": {"path":"C:\\Users\\50703307125\\KooliProjektkino\\TA23B-B2-projekt\\express\\prismaClient.js","statementMap":{"0":{"start":{"line":4,"column":25},"end":{"line":4,"column":28}},"1":{"start":{"line":7,"column":16},"end":{"line":9,"column":2}},"2":{"start":{"line":11,"column":15},"end":{"line":11,"column":44}}},"fnMap":{},"branchMap":{},"s":{"0":1,"1":1,"2":1},"f":{},"b":{},"meta":{"lastBranch":0,"lastFunction":0,"lastStatement":3,"seen":{"s:4:25:4:28":0,"s:7:16:9:2":1,"s:11:15:11:44":2}}}
,"C:\\Users\\50703307125\\KooliProjektkino\\TA23B-B2-projekt\\express\\controllers\\MovieController.js": {"path":"C:\\Users\\50703307125\\KooliProjektkino\\TA23B-B2-projekt\\express\\controllers\\MovieController.js","statementMap":{"0":{"start":{"line":4,"column":15},"end":{"line":4,"column":31}},"1":{"start":{"line":8,"column":20},"end":{"line":19,"column":1}},"2":{"start":{"line":22,"column":20},"end":{"line":22,"column":22}},"3":{"start":{"line":24,"column":2},"end":{"line":33,"column":3}},"4":{"start":{"line":25,"column":4},"end":{"line":32,"column":5}},"5":{"start":{"line":26,"column":6},"end":{"line":30,"column":7}},"6":{"start":{"line":27,"column":8},"end":{"line":29,"column":10}},"7":{"start":{"line":31,"column":6},"end":{"line":31,"column":37}},"8":{"start":{"line":35,"column":2},"end":{"line":35,"column":19}},"9":{"start":{"line":39,"column":0},"end":{"line":47,"column":3}},"10":{"start":{"line":40,"column":2},"end":{"line":46,"column":3}},"11":{"start":{"line":41,"column":19},"end":{"line":41,"column":48}},"12":{"start":{"line":42,"column":4},"end":{"line":42,"column":21}},"13":{"start":{"line":44,"column":4},"end":{"line":44,"column":21}},"14":{"start":{"line":45,"column":4},"end":{"line":45,"column":62}},"15":{"start":{"line":50,"column":0},"end":{"line":70,"column":3}},"16":{"start":{"line":51,"column":13},"end":{"line":51,"column":47}},"17":{"start":{"line":52,"column":2},"end":{"line":54,"column":3}},"18":{"start":{"line":53,"column":4},"end":{"line":53,"column":63}},"19":{"start":{"line":56,"column":2},"end":{"line":69,"column":3}},"20":{"start":{"line":57,"column":18},"end":{"line":59,"column":6}},"21":{"start":{"line":61,"column":4},"end":{"line":63,"column":5}},"22":{"start":{"line":62,"column":6},"end":{"line":62,"column":64}},"23":{"start":{"line":65,"column":4},"end":{"line":65,"column":20}},"24":{"start":{"line":67,"column":4},"end":{"line":67,"column":21}},"25":{"start":{"line":68,"column":4},"end":{"line":68,"column":61}},"26":{"start":{"line":73,"column":0},"end":{"line":90,"column":3}},"27":{"start":{"line":75,"column":2},"end":{"line":79,"column":3}},"28":{"start":{"line":76,"column":4},"end":{"line":76,"column":41}},"29":{"start":{"line":78,"column":4},"end":{"line":78,"column":54}},"30":{"start":{"line":81,"column":2},"end":{"line":89,"column":3}},"31":{"start":{"line":82,"column":21},"end":{"line":84,"column":6}},"32":{"start":{"line":85,"column":4},"end":{"line":85,"column":35}},"33":{"start":{"line":87,"column":4},"end":{"line":87,"column":21}},"34":{"start":{"line":88,"column":4},"end":{"line":88,"column":62}},"35":{"start":{"line":93,"column":0},"end":{"line":121,"column":3}},"36":{"start":{"line":94,"column":13},"end":{"line":94,"column":47}},"37":{"start":{"line":95,"column":2},"end":{"line":97,"column":3}},"38":{"start":{"line":96,"column":4},"end":{"line":96,"column":63}},"39":{"start":{"line":100,"column":2},"end":{"line":104,"column":3}},"40":{"start":{"line":101,"column":4},"end":{"line":101,"column":41}},"41":{"start":{"line":103,"column":4},"end":{"line":103,"column":54}},"42":{"start":{"line":106,"column":2},"end":{"line":120,"column":3}},"43":{"start":{"line":107,"column":20},"end":{"line":110,"column":6}},"44":{"start":{"line":112,"column":4},"end":{"line":112,"column":22}},"45":{"start":{"line":114,"column":4},"end":{"line":114,"column":21}},"46":{"start":{"line":115,"column":4},"end":{"line":118,"column":5}},"47":{"start":{"line":117,"column":6},"end":{"line":117,"column":64}},"48":{"start":{"line":119,"column":4},"end":{"line":119,"column":62}},"49":{"start":{"line":124,"column":0},"end":{"line":143,"column":null}},"50":{"start":{"line":125,"column":13},"end":{"line":125,"column":47}},"51":{"start":{"line":126,"column":2},"end":{"line":128,"column":3}},"52":{"start":{"line":127,"column":4},"end":{"line":127,"column":63}},"53":{"start":{"line":130,"column":2},"end":{"line":142,"column":3}},"54":{"start":{"line":131,"column":4},"end":{"line":133,"column":7}},"55":{"start":{"line":135,"column":4},"end":{"line":135,"column":27}},"56":{"start":{"line":137,"column":4},"end":{"line":137,"column":21}},"57":{"start":{"line":138,"column":4},"end":{"line":140,"column":5}},"58":{"start":{"line":139,"column":6},"end":{"line":139,"column":64}},"59":{"start":{"line":141,"column":4},"end":{"line":141,"column":62}}},"fnMap":{"0":{"name":"buildCleanData","decl":{"start":{"line":21,"column":9},"end":{"line":21,"column":23}},"loc":{"start":{"line":21,"column":30},"end":{"line":36,"column":1}},"line":21},"1":{"name":"(anonymous_1)","decl":{"start":{"line":39,"column":16},"end":{"line":39,"column":21}},"loc":{"start":{"line":39,"column":42},"end":{"line":47,"column":1}},"line":39},"2":{"name":"(anonymous_2)","decl":{"start":{"line":50,"column":19},"end":{"line":50,"column":24}},"loc":{"start":{"line":50,"column":45},"end":{"line":70,"column":1}},"line":50},"3":{"name":"(anonymous_3)","decl":{"start":{"line":73,"column":17},"end":{"line":73,"column":22}},"loc":{"start":{"line":73,"column":43},"end":{"line":90,"column":1}},"line":73},"4":{"name":"(anonymous_4)","decl":{"start":{"line":93,"column":19},"end":{"line":93,"column":24}},"loc":{"start":{"line":93,"column":45},"end":{"line":121,"column":1}},"line":93},"5":{"name":"(anonymous_5)","decl":{"start":{"line":124,"column":22},"end":{"line":124,"column":27}},"loc":{"start":{"line":124,"column":48},"end":{"line":143,"column":1}},"line":124}},"branchMap":{"0":{"loc":{"start":{"line":25,"column":4},"end":{"line":32,"column":5}},"type":"if","locations":[{"start":{"line":25,"column":4},"end":{"line":32,"column":5}},{"start":{},"end":{}}],"line":25},"1":{"loc":{"start":{"line":26,"column":6},"end":{"line":30,"column":7}},"type":"if","locations":[{"start":{"line":26,"column":6},"end":{"line":30,"column":7}},{"start":{},"end":{}}],"line":26},"2":{"loc":{"start":{"line":52,"column":2},"end":{"line":54,"column":3}},"type":"if","locations":[{"start":{"line":52,"column":2},"end":{"line":54,"column":3}},{"start":{},"end":{}}],"line":52},"3":{"loc":{"start":{"line":61,"column":4},"end":{"line":63,"column":5}},"type":"if","locations":[{"start":{"line":61,"column":4},"end":{"line":63,"column":5}},{"start":{},"end":{}}],"line":61},"4":{"loc":{"start":{"line":95,"column":2},"end":{"line":97,"column":3}},"type":"if","locations":[{"start":{"line":95,"column":2},"end":{"line":97,"column":3}},{"start":{},"end":{}}],"line":95},"5":{"loc":{"start":{"line":115,"column":4},"end":{"line":118,"column":5}},"type":"if","locations":[{"start":{"line":115,"column":4},"end":{"line":118,"column":5}},{"start":{},"end":{}}],"line":115},"6":{"loc":{"start":{"line":126,"column":2},"end":{"line":128,"column":3}},"type":"if","locations":[{"start":{"line":126,"column":2},"end":{"line":128,"column":3}},{"start":{},"end":{}}],"line":126},"7":{"loc":{"start":{"line":138,"column":4},"end":{"line":140,"column":5}},"type":"if","locations":[{"start":{"line":138,"column":4},"end":{"line":140,"column":5}},{"start":{},"end":{}}],"line":138}},"s":{"0":1,"1":1,"2":0,"3":0,"4":0,"5":0,"6":0,"7":0,"8":0,"9":1,"10":0,"11":0,"12":0,"13":0,"14":0,"15":1,"16":0,"17":0,"18":0,"19":0,"20":0,"21":0,"22":0,"23":0,"24":0,"25":0,"26":1,"27":0,"28":0,"29":0,"30":0,"31":0,"32":0,"33":0,"34":0,"35":1,"36":0,"37":0,"38":0,"39":0,"40":0,"41":0,"42":0,"43":0,"44":0,"45":0,"46":0,"47":0,"48":0,"49":1,"50":0,"51":0,"52":0,"53":0,"54":0,"55":0,"56":0,"57":0,"58":0,"59":0},"f":{"0":0,"1":0,"2":0,"3":0,"4":0,"5":0},"b":{"0":[0,0],"1":[0,0],"2":[0,0],"3":[0,0],"4":[0,0],"5":[0,0],"6":[0,0],"7":[0,0]},"meta":{"lastBranch":8,"lastFunction":6,"lastStatement":60,"seen":{"s:4:15:4:31":0,"s:8:20:19:1":1,"f:21:9:21:23":0,"s:22:20:22:22":2,"s:24:2:33:3":3,"b:25:4:32:5:undefined:undefined:undefined:undefined":0,"s:25:4:32:5":4,"b:26:6:30:7:undefined:undefined:undefined:undefined":1,"s:26:6:30:7":5,"s:27:8:29:10":6,"s:31:6:31:37":7,"s:35:2:35:19":8,"s:39:0:47:3":9,"f:39:16:39:21":1,"s:40:2:46:3":10,"s:41:19:41:48":11,"s:42:4:42:21":12,"s:44:4:44:21":13,"s:45:4:45:62":14,"s:50:0:70:3":15,"f:50:19:50:24":2,"s:51:13:51:47":16,"b:52:2:54:3:undefined:undefined:undefined:undefined":2,"s:52:2:54:3":17,"s:53:4:53:63":18,"s:56:2:69:3":19,"s:57:18:59:6":20,"b:61:4:63:5:undefined:undefined:undefined:undefined":3,"s:61:4:63:5":21,"s:62:6:62:64":22,"s:65:4:65:20":23,"s:67:4:67:21":24,"s:68:4:68:61":25,"s:73:0:90:3":26,"f:73:17:73:22":3,"s:75:2:79:3":27,"s:76:4:76:41":28,"s:78:4:78:54":29,"s:81:2:89:3":30,"s:82:21:84:6":31,"s:85:4:85:35":32,"s:87:4:87:21":33,"s:88:4:88:62":34,"s:93:0:121:3":35,"f:93:19:93:24":4,"s:94:13:94:47":36,"b:95:2:97:3:undefined:undefined:undefined:undefined":4,"s:95:2:97:3":37,"s:96:4:96:63":38,"s:100:2:104:3":39,"s:101:4:101:41":40,"s:103:4:103:54":41,"s:106:2:120:3":42,"s:107:20:110:6":43,"s:112:4:112:22":44,"s:114:4:114:21":45,"b:115:4:118:5:undefined:undefined:undefined:undefined":5,"s:115:4:118:5":46,"s:117:6:117:64":47,"s:119:4:119:62":48,"s:124:0:143:Infinity":49,"f:124:22:124:27":5,"s:125:13:125:47":50,"b:126:2:128:3:undefined:undefined:undefined:undefined":6,"s:126:2:128:3":51,"s:127:4:127:63":52,"s:130:2:142:3":53,"s:131:4:133:7":54,"s:135:4:135:27":55,"s:137:4:137:21":56,"b:138:4:140:5:undefined:undefined:undefined:undefined":7,"s:138:4:140:5":57,"s:139:6:139:64":58,"s:141:4:141:62":59}}}
,"C:\\Users\\50703307125\\KooliProjektkino\\TA23B-B2-projekt\\express\\controllers\\UserController.js": {"path":"C:\\Users\\50703307125\\KooliProjektkino\\TA23B-B2-projekt\\express\\controllers\\UserController.js","statementMap":{"0":{"start":{"line":8,"column":19},"end":{"line":8,"column":47}},"1":{"start":{"line":11,"column":28},"end":{"line":11,"column":29}},"2":{"start":{"line":14,"column":15},"end":{"line":14,"column":31}},"3":{"start":{"line":18,"column":20},"end":{"line":22,"column":1}},"4":{"start":{"line":25,"column":2},"end":{"line":25,"column":32}},"5":{"start":{"line":29,"column":2},"end":{"line":29,"column":48}},"6":{"start":{"line":33,"column":20},"end":{"line":33,"column":22}},"7":{"start":{"line":35,"column":2},"end":{"line":45,"column":3}},"8":{"start":{"line":36,"column":4},"end":{"line":44,"column":5}},"9":{"start":{"line":37,"column":6},"end":{"line":41,"column":7}},"10":{"start":{"line":38,"column":8},"end":{"line":40,"column":10}},"11":{"start":{"line":43,"column":6},"end":{"line":43,"column":44}},"12":{"start":{"line":47,"column":2},"end":{"line":47,"column":19}},"13":{"start":{"line":51,"column":0},"end":{"line":137,"column":3}},"14":{"start":{"line":53,"column":2},"end":{"line":57,"column":3}},"15":{"start":{"line":54,"column":4},"end":{"line":54,"column":41}},"16":{"start":{"line":56,"column":4},"end":{"line":56,"column":54}},"17":{"start":{"line":60,"column":2},"end":{"line":62,"column":3}},"18":{"start":{"line":61,"column":4},"end":{"line":61,"column":64}},"19":{"start":{"line":63,"column":2},"end":{"line":65,"column":3}},"20":{"start":{"line":64,"column":4},"end":{"line":64,"column":67}},"21":{"start":{"line":68,"column":2},"end":{"line":70,"column":3}},"22":{"start":{"line":69,"column":4},"end":{"line":69,"column":67}},"23":{"start":{"line":73,"column":2},"end":{"line":75,"column":3}},"24":{"start":{"line":74,"column":4},"end":{"line":74,"column":111}},"25":{"start":{"line":79,"column":2},"end":{"line":86,"column":3}},"26":{"start":{"line":80,"column":4},"end":{"line":82,"column":7}},"27":{"start":{"line":84,"column":4},"end":{"line":84,"column":54}},"28":{"start":{"line":85,"column":4},"end":{"line":85,"column":68}},"29":{"start":{"line":88,"column":2},"end":{"line":95,"column":3}},"30":{"start":{"line":91,"column":4},"end":{"line":91,"column":78}},"31":{"start":{"line":92,"column":4},"end":{"line":94,"column":7}},"32":{"start":{"line":98,"column":2},"end":{"line":103,"column":3}},"33":{"start":{"line":99,"column":4},"end":{"line":99,"column":67}},"34":{"start":{"line":101,"column":4},"end":{"line":101,"column":48}},"35":{"start":{"line":102,"column":4},"end":{"line":102,"column":68}},"36":{"start":{"line":106,"column":2},"end":{"line":136,"column":3}},"37":{"start":{"line":107,"column":20},"end":{"line":117,"column":6}},"38":{"start":{"line":121,"column":4},"end":{"line":121,"column":89}},"39":{"start":{"line":123,"column":4},"end":{"line":126,"column":7}},"40":{"start":{"line":128,"column":4},"end":{"line":128,"column":45}},"41":{"start":{"line":130,"column":4},"end":{"line":134,"column":5}},"42":{"start":{"line":131,"column":6},"end":{"line":133,"column":9}},"43":{"start":{"line":135,"column":4},"end":{"line":135,"column":61}},"44":{"start":{"line":140,"column":0},"end":{"line":199,"column":3}},"45":{"start":{"line":141,"column":30},"end":{"line":141,"column":38}},"46":{"start":{"line":144,"column":2},"end":{"line":146,"column":3}},"47":{"start":{"line":145,"column":4},"end":{"line":145,"column":64}},"48":{"start":{"line":147,"column":2},"end":{"line":149,"column":3}},"49":{"start":{"line":148,"column":4},"end":{"line":148,"column":67}},"50":{"start":{"line":152,"column":2},"end":{"line":154,"column":3}},"51":{"start":{"line":153,"column":4},"end":{"line":153,"column":67}},"52":{"start":{"line":156,"column":2},"end":{"line":198,"column":3}},"53":{"start":{"line":158,"column":17},"end":{"line":160,"column":6}},"54":{"start":{"line":162,"column":4},"end":{"line":164,"column":5}},"55":{"start":{"line":163,"column":6},"end":{"line":163,"column":74}},"56":{"start":{"line":167,"column":28},"end":{"line":167,"column":73}},"57":{"start":{"line":168,"column":4},"end":{"line":170,"column":5}},"58":{"start":{"line":169,"column":6},"end":{"line":169,"column":74}},"59":{"start":{"line":173,"column":18},"end":{"line":181,"column":5}},"60":{"start":{"line":184,"column":4},"end":{"line":194,"column":7}},"61":{"start":{"line":196,"column":4},"end":{"line":196,"column":44}},"62":{"start":{"line":197,"column":4},"end":{"line":197,"column":61}},"63":{"start":{"line":202,"column":0},"end":{"line":253,"column":3}},"64":{"start":{"line":204,"column":2},"end":{"line":206,"column":3}},"65":{"start":{"line":205,"column":4},"end":{"line":205,"column":70}},"66":{"start":{"line":208,"column":43},"end":{"line":208,"column":51}},"67":{"start":{"line":211,"column":2},"end":{"line":213,"column":3}},"68":{"start":{"line":212,"column":4},"end":{"line":212,"column":75}},"69":{"start":{"line":214,"column":2},"end":{"line":216,"column":3}},"70":{"start":{"line":215,"column":4},"end":{"line":215,"column":71}},"71":{"start":{"line":219,"column":2},"end":{"line":221,"column":3}},"72":{"start":{"line":220,"column":4},"end":{"line":220,"column":111}},"73":{"start":{"line":223,"column":2},"end":{"line":252,"column":3}},"74":{"start":{"line":225,"column":17},"end":{"line":227,"column":6}},"75":{"start":{"line":229,"column":4},"end":{"line":231,"column":5}},"76":{"start":{"line":230,"column":6},"end":{"line":230,"column":63}},"77":{"start":{"line":234,"column":28},"end":{"line":234,"column":80}},"78":{"start":{"line":235,"column":4},"end":{"line":237,"column":5}},"79":{"start":{"line":236,"column":6},"end":{"line":236,"column":78}},"80":{"start":{"line":240,"column":30},"end":{"line":240,"column":64}},"81":{"start":{"line":243,"column":4},"end":{"line":246,"column":7}},"82":{"start":{"line":248,"column":4},"end":{"line":248,"column":59}},"83":{"start":{"line":250,"column":4},"end":{"line":250,"column":49}},"84":{"start":{"line":251,"column":4},"end":{"line":251,"column":61}},"85":{"start":{"line":256,"column":0},"end":{"line":330,"column":null}},"86":{"start":{"line":258,"column":2},"end":{"line":260,"column":3}},"87":{"start":{"line":259,"column":4},"end":{"line":259,"column":70}},"88":{"start":{"line":262,"column":33},"end":{"line":262,"column":41}},"89":{"start":{"line":265,"column":2},"end":{"line":267,"column":3}},"90":{"start":{"line":266,"column":4},"end":{"line":266,"column":68}},"91":{"start":{"line":268,"column":2},"end":{"line":270,"column":3}},"92":{"start":{"line":269,"column":4},"end":{"line":269,"column":84}},"93":{"start":{"line":273,"column":2},"end":{"line":275,"column":3}},"94":{"start":{"line":274,"column":4},"end":{"line":274,"column":67}},"95":{"start":{"line":277,"column":2},"end":{"line":329,"column":3}},"96":{"start":{"line":279,"column":17},"end":{"line":281,"column":6}},"97":{"start":{"line":283,"column":4},"end":{"line":285,"column":5}},"98":{"start":{"line":284,"column":6},"end":{"line":284,"column":63}},"99":{"start":{"line":288,"column":28},"end":{"line":288,"column":73}},"100":{"start":{"line":289,"column":4},"end":{"line":291,"column":5}},"101":{"start":{"line":290,"column":6},"end":{"line":290,"column":70}},"102":{"start":{"line":294,"column":25},"end":{"line":296,"column":6}},"103":{"start":{"line":298,"column":4},"end":{"line":300,"column":5}},"104":{"start":{"line":299,"column":6},"end":{"line":299,"column":72}},"105":{"start":{"line":303,"column":24},"end":{"line":314,"column":6}},"106":{"start":{"line":317,"column":4},"end":{"line":317,"column":119}},"107":{"start":{"line":319,"column":4},"end":{"line":322,"column":7}},"108":{"start":{"line":324,"column":4},"end":{"line":324,"column":46}},"109":{"start":{"line":325,"column":4},"end":{"line":327,"column":5}},"110":{"start":{"line":326,"column":6},"end":{"line":326,"column":72}},"111":{"start":{"line":328,"column":4},"end":{"line":328,"column":61}}},"fnMap":{"0":{"name":"validateEmail","decl":{"start":{"line":24,"column":9},"end":{"line":24,"column":22}},"loc":{"start":{"line":24,"column":30},"end":{"line":26,"column":1}},"line":24},"1":{"name":"validatePassword","decl":{"start":{"line":28,"column":9},"end":{"line":28,"column":25}},"loc":{"start":{"line":28,"column":36},"end":{"line":30,"column":1}},"line":28},"2":{"name":"buildCleanData","decl":{"start":{"line":32,"column":9},"end":{"line":32,"column":23}},"loc":{"start":{"line":32,"column":30},"end":{"line":48,"column":1}},"line":32},"3":{"name":"(anonymous_3)","decl":{"start":{"line":51,"column":25},"end":{"line":51,"column":30}},"loc":{"start":{"line":51,"column":51},"end":{"line":137,"column":1}},"line":51},"4":{"name":"(anonymous_4)","decl":{"start":{"line":140,"column":22},"end":{"line":140,"column":27}},"loc":{"start":{"line":140,"column":48},"end":{"line":199,"column":1}},"line":140},"5":{"name":"(anonymous_5)","decl":{"start":{"line":202,"column":50},"end":{"line":202,"column":55}},"loc":{"start":{"line":202,"column":76},"end":{"line":253,"column":1}},"line":202},"6":{"name":"(anonymous_6)","decl":{"start":{"line":256,"column":28},"end":{"line":256,"column":33}},"loc":{"start":{"line":256,"column":54},"end":{"line":330,"column":1}},"line":256}},"branchMap":{"0":{"loc":{"start":{"line":36,"column":4},"end":{"line":44,"column":5}},"type":"if","locations":[{"start":{"line":36,"column":4},"end":{"line":44,"column":5}},{"start":{},"end":{}}],"line":36},"1":{"loc":{"start":{"line":37,"column":6},"end":{"line":41,"column":7}},"type":"if","locations":[{"start":{"line":37,"column":6},"end":{"line":41,"column":7}},{"start":{},"end":{}}],"line":37},"2":{"loc":{"start":{"line":60,"column":2},"end":{"line":62,"column":3}},"type":"if","locations":[{"start":{"line":60,"column":2},"end":{"line":62,"column":3}},{"start":{},"end":{}}],"line":60},"3":{"loc":{"start":{"line":63,"column":2},"end":{"line":65,"column":3}},"type":"if","locations":[{"start":{"line":63,"column":2},"end":{"line":65,"column":3}},{"start":{},"end":{}}],"line":63},"4":{"loc":{"start":{"line":68,"column":2},"end":{"line":70,"column":3}},"type":"if","locations":[{"start":{"line":68,"column":2},"end":{"line":70,"column":3}},{"start":{},"end":{}}],"line":68},"5":{"loc":{"start":{"line":73,"column":2},"end":{"line":75,"column":3}},"type":"if","locations":[{"start":{"line":73,"column":2},"end":{"line":75,"column":3}},{"start":{},"end":{}}],"line":73},"6":{"loc":{"start":{"line":88,"column":2},"end":{"line":95,"column":3}},"type":"if","locations":[{"start":{"line":88,"column":2},"end":{"line":95,"column":3}},{"start":{},"end":{}}],"line":88},"7":{"loc":{"start":{"line":130,"column":4},"end":{"line":134,"column":5}},"type":"if","locations":[{"start":{"line":130,"column":4},"end":{"line":134,"column":5}},{"start":{},"end":{}}],"line":130},"8":{"loc":{"start":{"line":144,"column":2},"end":{"line":146,"column":3}},"type":"if","locations":[{"start":{"line":144,"column":2},"end":{"line":146,"column":3}},{"start":{},"end":{}}],"line":144},"9":{"loc":{"start":{"line":147,"column":2},"end":{"line":149,"column":3}},"type":"if","locations":[{"start":{"line":147,"column":2},"end":{"line":149,"column":3}},{"start":{},"end":{}}],"line":147},"10":{"loc":{"start":{"line":152,"column":2},"end":{"line":154,"column":3}},"type":"if","locations":[{"start":{"line":152,"column":2},"end":{"line":154,"column":3}},{"start":{},"end":{}}],"line":152},"11":{"loc":{"start":{"line":162,"column":4},"end":{"line":164,"column":5}},"type":"if","locations":[{"start":{"line":162,"column":4},"end":{"line":164,"column":5}},{"start":{},"end":{}}],"line":162},"12":{"loc":{"start":{"line":168,"column":4},"end":{"line":170,"column":5}},"type":"if","locations":[{"start":{"line":168,"column":4},"end":{"line":170,"column":5}},{"start":{},"end":{}}],"line":168},"13":{"loc":{"start":{"line":204,"column":2},"end":{"line":206,"column":3}},"type":"if","locations":[{"start":{"line":204,"column":2},"end":{"line":206,"column":3}},{"start":{},"end":{}}],"line":204},"14":{"loc":{"start":{"line":204,"column":6},"end":{"line":204,"column":31}},"type":"binary-expr","locations":[{"start":{"line":204,"column":6},"end":{"line":204,"column":15}},{"start":{"line":204,"column":19},"end":{"line":204,"column":31}}],"line":204},"15":{"loc":{"start":{"line":211,"column":2},"end":{"line":213,"column":3}},"type":"if","locations":[{"start":{"line":211,"column":2},"end":{"line":213,"column":3}},{"start":{},"end":{}}],"line":211},"16":{"loc":{"start":{"line":214,"column":2},"end":{"line":216,"column":3}},"type":"if","locations":[{"start":{"line":214,"column":2},"end":{"line":216,"column":3}},{"start":{},"end":{}}],"line":214},"17":{"loc":{"start":{"line":219,"column":2},"end":{"line":221,"column":3}},"type":"if","locations":[{"start":{"line":219,"column":2},"end":{"line":221,"column":3}},{"start":{},"end":{}}],"line":219},"18":{"loc":{"start":{"line":229,"column":4},"end":{"line":231,"column":5}},"type":"if","locations":[{"start":{"line":229,"column":4},"end":{"line":231,"column":5}},{"start":{},"end":{}}],"line":229},"19":{"loc":{"start":{"line":235,"column":4},"end":{"line":237,"column":5}},"type":"if","locations":[{"start":{"line":235,"column":4},"end":{"line":237,"column":5}},{"start":{},"end":{}}],"line":235},"20":{"loc":{"start":{"line":258,"column":2},"end":{"line":260,"column":3}},"type":"if","locations":[{"start":{"line":258,"column":2},"end":{"line":260,"column":3}},{"start":{},"end":{}}],"line":258},"21":{"loc":{"start":{"line":258,"column":6},"end":{"line":258,"column":31}},"type":"binary-expr","locations":[{"start":{"line":258,"column":6},"end":{"line":258,"column":15}},{"start":{"line":258,"column":19},"end":{"line":258,"column":31}}],"line":258},"22":{"loc":{"start":{"line":265,"column":2},"end":{"line":267,"column":3}},"type":"if","locations":[{"start":{"line":265,"column":2},"end":{"line":267,"column":3}},{"start":{},"end":{}}],"line":265},"23":{"loc":{"start":{"line":268,"column":2},"end":{"line":270,"column":3}},"type":"if","locations":[{"start":{"line":268,"column":2},"end":{"line":270,"column":3}},{"start":{},"end":{}}],"line":268},"24":{"loc":{"start":{"line":273,"column":2},"end":{"line":275,"column":3}},"type":"if","locations":[{"start":{"line":273,"column":2},"end":{"line":275,"column":3}},{"start":{},"end":{}}],"line":273},"25":{"loc":{"start":{"line":283,"column":4},"end":{"line":285,"column":5}},"type":"if","locations":[{"start":{"line":283,"column":4},"end":{"line":285,"column":5}},{"start":{},"end":{}}],"line":283},"26":{"loc":{"start":{"line":289,"column":4},"end":{"line":291,"column":5}},"type":"if","locations":[{"start":{"line":289,"column":4},"end":{"line":291,"column":5}},{"start":{},"end":{}}],"line":289},"27":{"loc":{"start":{"line":298,"column":4},"end":{"line":300,"column":5}},"type":"if","locations":[{"start":{"line":298,"column":4},"end":{"line":300,"column":5}},{"start":{},"end":{}}],"line":298},"28":{"loc":{"start":{"line":298,"column":8},"end":{"line":298,"column":55}},"type":"binary-expr","locations":[{"start":{"line":298,"column":8},"end":{"line":298,"column":20}},{"start":{"line":298,"column":24},"end":{"line":298,"column":55}}],"line":298},"29":{"loc":{"start":{"line":325,"column":4},"end":{"line":327,"column":5}},"type":"if","locations":[{"start":{"line":325,"column":4},"end":{"line":327,"column":5}},{"start":{},"end":{}}],"line":325}},"s":{"0":1,"1":1,"2":1,"3":1,"4":0,"5":0,"6":0,"7":0,"8":0,"9":0,"10":0,"11":0,"12":0,"13":1,"14":0,"15":0,"16":0,"17":0,"18":0,"19":0,"20":0,"21":0,"22":0,"23":0,"24":0,"25":0,"26":0,"27":0,"28":0,"29":0,"30":0,"31":0,"32":0,"33":0,"34":0,"35":0,"36":0,"37":0,"38":0,"39":0,"40":0,"41":0,"42":0,"43":0,"44":1,"45":0,"46":0,"47":0,"48":0,"49":0,"50":0,"51":0,"52":0,"53":0,"54":0,"55":0,"56":0,"57":0,"58":0,"59":0,"60":0,"61":0,"62":0,"63":1,"64":0,"65":0,"66":0,"67":0,"68":0,"69":0,"70":0,"71":0,"72":0,"73":0,"74":0,"75":0,"76":0,"77":0,"78":0,"79":0,"80":0,"81":0,"82":0,"83":0,"84":0,"85":1,"86":0,"87":0,"88":0,"89":0,"90":0,"91":0,"92":0,"93":0,"94":0,"95":0,"96":0,"97":0,"98":0,"99":0,"100":0,"101":0,"102":0,"103":0,"104":0,"105":0,"106":0,"107":0,"108":0,"109":0,"110":0,"111":0},"f":{"0":0,"1":0,"2":0,"3":0,"4":0,"5":0,"6":0},"b":{"0":[0,0],"1":[0,0],"2":[0,0],"3":[0,0],"4":[0,0],"5":[0,0],"6":[0,0],"7":[0,0],"8":[0,0],"9":[0,0],"10":[0,0],"11":[0,0],"12":[0,0],"13":[0,0],"14":[0,0],"15":[0,0],"16":[0,0],"17":[0,0],"18":[0,0],"19":[0,0],"20":[0,0],"21":[0,0],"22":[0,0],"23":[0,0],"24":[0,0],"25":[0,0],"26":[0,0],"27":[0,0],"28":[0,0],"29":[0,0]},"meta":{"lastBranch":30,"lastFunction":7,"lastStatement":112,"seen":{"s:8:19:8:47":0,"s:11:28:11:29":1,"s:14:15:14:31":2,"s:18:20:22:1":3,"f:24:9:24:22":0,"s:25:2:25:32":4,"f:28:9:28:25":1,"s:29:2:29:48":5,"f:32:9:32:23":2,"s:33:20:33:22":6,"s:35:2:45:3":7,"b:36:4:44:5:undefined:undefined:undefined:undefined":0,"s:36:4:44:5":8,"b:37:6:41:7:undefined:undefined:undefined:undefined":1,"s:37:6:41:7":9,"s:38:8:40:10":10,"s:43:6:43:44":11,"s:47:2:47:19":12,"s:51:0:137:3":13,"f:51:25:51:30":3,"s:53:2:57:3":14,"s:54:4:54:41":15,"s:56:4:56:54":16,"b:60:2:62:3:undefined:undefined:undefined:undefined":2,"s:60:2:62:3":17,"s:61:4:61:64":18,"b:63:2:65:3:undefined:undefined:undefined:undefined":3,"s:63:2:65:3":19,"s:64:4:64:67":20,"b:68:2:70:3:undefined:undefined:undefined:undefined":4,"s:68:2:70:3":21,"s:69:4:69:67":22,"b:73:2:75:3:undefined:undefined:undefined:undefined":5,"s:73:2:75:3":23,"s:74:4:74:111":24,"s:79:2:86:3":25,"s:80:4:82:7":26,"s:84:4:84:54":27,"s:85:4:85:68":28,"b:88:2:95:3:undefined:undefined:undefined:undefined":6,"s:88:2:95:3":29,"s:91:4:91:78":30,"s:92:4:94:7":31,"s:98:2:103:3":32,"s:99:4:99:67":33,"s:101:4:101:48":34,"s:102:4:102:68":35,"s:106:2:136:3":36,"s:107:20:117:6":37,"s:121:4:121:89":38,"s:123:4:126:7":39,"s:128:4:128:45":40,"b:130:4:134:5:undefined:undefined:undefined:undefined":7,"s:130:4:134:5":41,"s:131:6:133:9":42,"s:135:4:135:61":43,"s:140:0:199:3":44,"f:140:22:140:27":4,"s:141:30:141:38":45,"b:144:2:146:3:undefined:undefined:undefined:undefined":8,"s:144:2:146:3":46,"s:145:4:145:64":47,"b:147:2:149:3:undefined:undefined:undefined:undefined":9,"s:147:2:149:3":48,"s:148:4:148:67":49,"b:152:2:154:3:undefined:undefined:undefined:undefined":10,"s:152:2:154:3":50,"s:153:4:153:67":51,"s:156:2:198:3":52,"s:158:17:160:6":53,"b:162:4:164:5:undefined:undefined:undefined:undefined":11,"s:162:4:164:5":54,"s:163:6:163:74":55,"s:167:28:167:73":56,"b:168:4:170:5:undefined:undefined:undefined:undefined":12,"s:168:4:170:5":57,"s:169:6:169:74":58,"s:173:18:181:5":59,"s:184:4:194:7":60,"s:196:4:196:44":61,"s:197:4:197:61":62,"s:202:0:253:3":63,"f:202:50:202:55":5,"b:204:2:206:3:undefined:undefined:undefined:undefined":13,"s:204:2:206:3":64,"b:204:6:204:15:204:19:204:31":14,"s:205:4:205:70":65,"s:208:43:208:51":66,"b:211:2:213:3:undefined:undefined:undefined:undefined":15,"s:211:2:213:3":67,"s:212:4:212:75":68,"b:214:2:216:3:undefined:undefined:undefined:undefined":16,"s:214:2:216:3":69,"s:215:4:215:71":70,"b:219:2:221:3:undefined:undefined:undefined:undefined":17,"s:219:2:221:3":71,"s:220:4:220:111":72,"s:223:2:252:3":73,"s:225:17:227:6":74,"b:229:4:231:5:undefined:undefined:undefined:undefined":18,"s:229:4:231:5":75,"s:230:6:230:63":76,"s:234:28:234:80":77,"b:235:4:237:5:undefined:undefined:undefined:undefined":19,"s:235:4:237:5":78,"s:236:6:236:78":79,"s:240:30:240:64":80,"s:243:4:246:7":81,"s:248:4:248:59":82,"s:250:4:250:49":83,"s:251:4:251:61":84,"s:256:0:330:Infinity":85,"f:256:28:256:33":6,"b:258:2:260:3:undefined:undefined:undefined:undefined":20,"s:258:2:260:3":86,"b:258:6:258:15:258:19:258:31":21,"s:259:4:259:70":87,"s:262:33:262:41":88,"b:265:2:267:3:undefined:undefined:undefined:undefined":22,"s:265:2:267:3":89,"s:266:4:266:68":90,"b:268:2:270:3:undefined:undefined:undefined:undefined":23,"s:268:2:270:3":91,"s:269:4:269:84":92,"b:273:2:275:3:undefined:undefined:undefined:undefined":24,"s:273:2:275:3":93,"s:274:4:274:67":94,"s:277:2:329:3":95,"s:279:17:281:6":96,"b:283:4:285:5:undefined:undefined:undefined:undefined":25,"s:283:4:285:5":97,"s:284:6:284:63":98,"s:288:28:288:73":99,"b:289:4:291:5:undefined:undefined:undefined:undefined":26,"s:289:4:291:5":100,"s:290:6:290:70":101,"s:294:25:296:6":102,"b:298:4:300:5:undefined:undefined:undefined:undefined":27,"s:298:4:300:5":103,"b:298:8:298:20:298:24:298:55":28,"s:299:6:299:72":104,"s:303:24:314:6":105,"s:317:4:317:119":106,"s:319:4:322:7":107,"s:324:4:324:46":108,"b:325:4:327:5:undefined:undefined:undefined:undefined":29,"s:325:4:327:5":109,"s:326:6:326:72":110,"s:328:4:328:61":111}}}
,"C:\\Users\\50703307125\\KooliProjektkino\\TA23B-B2-projekt\\express\\middleware\\auth.js": {"path":"C:\\Users\\50703307125\\KooliProjektkino\\TA23B-B2-projekt\\express\\middleware\\auth.js","statementMap":{"0":{"start":{"line":4,"column":26},"end":{"line":4,"column":90}},"1":{"start":{"line":7,"column":21},"end":{"line":7,"column":49}},"2":{"start":{"line":8,"column":16},"end":{"line":8,"column":54}},"3":{"start":{"line":10,"column":2},"end":{"line":12,"column":3}},"4":{"start":{"line":11,"column":4},"end":{"line":11,"column":68}},"5":{"start":{"line":14,"column":2},"end":{"line":20,"column":5}},"6":{"start":{"line":15,"column":4},"end":{"line":17,"column":5}},"7":{"start":{"line":16,"column":6},"end":{"line":16,"column":73}},"8":{"start":{"line":18,"column":4},"end":{"line":18,"column":20}},"9":{"start":{"line":19,"column":4},"end":{"line":19,"column":11}}},"fnMap":{"0":{"name":"authenticateToken","decl":{"start":{"line":6,"column":16},"end":{"line":6,"column":33}},"loc":{"start":{"line":6,"column":50},"end":{"line":21,"column":null}},"line":6},"1":{"name":"(anonymous_1)","decl":{"start":{"line":14,"column":32},"end":{"line":14,"column":33}},"loc":{"start":{"line":14,"column":47},"end":{"line":20,"column":3}},"line":14}},"branchMap":{"0":{"loc":{"start":{"line":4,"column":26},"end":{"line":4,"column":90}},"type":"binary-expr","locations":[{"start":{"line":4,"column":26},"end":{"line":4,"column":48}},{"start":{"line":4,"column":52},"end":{"line":4,"column":90}}],"line":4},"1":{"loc":{"start":{"line":8,"column":16},"end":{"line":8,"column":54}},"type":"binary-expr","locations":[{"start":{"line":8,"column":16},"end":{"line":8,"column":26}},{"start":{"line":8,"column":30},"end":{"line":8,"column":54}}],"line":8},"2":{"loc":{"start":{"line":10,"column":2},"end":{"line":12,"column":3}},"type":"if","locations":[{"start":{"line":10,"column":2},"end":{"line":12,"column":3}},{"start":{},"end":{}}],"line":10},"3":{"loc":{"start":{"line":15,"column":4},"end":{"line":17,"column":5}},"type":"if","locations":[{"start":{"line":15,"column":4},"end":{"line":17,"column":5}},{"start":{},"end":{}}],"line":15}},"s":{"0":1,"1":0,"2":0,"3":0,"4":0,"5":0,"6":0,"7":0,"8":0,"9":0},"f":{"0":0,"1":0},"b":{"0":[1,0],"1":[0,0],"2":[0,0],"3":[0,0]},"meta":{"lastBranch":4,"lastFunction":2,"lastStatement":10,"seen":{"s:4:26:4:90":0,"b:4:26:4:48:4:52:4:90":0,"f:6:16:6:33":0,"s:7:21:7:49":1,"s:8:16:8:54":2,"b:8:16:8:26:8:30:8:54":1,"b:10:2:12:3:undefined:undefined:undefined:undefined":2,"s:10:2:12:3":3,"s:11:4:11:68":4,"s:14:2:20:5":5,"f:14:32:14:33":1,"b:15:4:17:5:undefined:undefined:undefined:undefined":3,"s:15:4:17:5":6,"s:16:6:16:73":7,"s:18:4:18:20":8,"s:19:4:19:11":9}}}
}
